<?xml version="1.0" encoding="UTF-8"?>
<process-dictionaries processBpmDefinitionKey="axa_procurement">
    <dict dictionaryId="axa_company" dictionaryName="Spółki AXA" languageCode="pl_PL" description="Spółki AXA">
        <entry key="ap" value="AP – AXA Polska S.A."/>
        <entry key="aztu" value="AŻTU – AXA Życie Towarzystwo Ubezpieczeń S.A."/>
        <entry key="atuir" value="ATUiR – AXA Towarzystwo Ubezpieczeń i Reasekuracji S.A."/>
        <entry key="apte" value="APTE – AXA Powszechne Towarzystwo Emerytalne S.A."/>
        <entry key="atfi" value="ATFI – AXA Towarzystwo Funduszy Inwestycyjnych S.A."/>
    </dict>
    <dict dictionaryId="axa_mpk" dictionaryName="MPK" languageCode="pl_PL" description="Departament spółki">
        <entry key="dr" value="Departament Rachunkowości"/>
        <entry key="di" value="Departament Informatyki"/>
        <entry key="dk" value="Departament Kadr"/>
        <entry key="djp" value="Departament Jakości Produktu"/>
        <entry key="dh" value="Departament Handlowy"/>
    </dict>
    <dict dictionaryId="axa_transport" dictionaryName="Środek komunikacji" languageCode="pl_PL" description="Środek komunikacji">
        <entry key="sc" value="Samochód służbowy" description="Samochód służbowy z koniecznością podaniu nr rejestracyjne pojazdu"/>
        <entry key="pc" value="Samochód prywatny" description="Samochód prywatny z koniecznością wyboru pojemności samochodu"/>
        <entry key="pkp" value="PKP" description="PKP z obligatoryjnym wyboru klasy pociągu – I, II"/>
        <entry key="bus" value="Autobus"/>
        <entry key="plane" value="Samolot"/>
    </dict>
    <dict dictionaryId="axa_car_capacity" dictionaryName="Pojemności samochodu" languageCode="pl_PL">
        <entry key="1" value="do 1000"/>
        <entry key="2" value="1000-1500"/>
        <entry key="3" value="1500-2000"/>
        <entry key="4" value="2000-3000"/>
        <entry key="5" value="od 3000"/>
    </dict>
    <dict dictionaryId="axa_km_rate" dictionaryName="Stawki za km" languageCode="pl_PL">
        <entry key="1" value="0,45"/>
        <entry key="2" value="0,55"/>
        <entry key="3" value="0,65"/>
        <entry key="4" value="0,75"/>
        <entry key="5" value="0,85"/>
    </dict>
    <dict dictionaryId="axa_pkp_class" dictionaryName="Klasy pociągów" languageCode="pl_PL">
        <entry key="1" value="I"/>
        <entry key="2" value="II"/>
    </dict>
    <dict dictionaryId="axa_payment_type" dictionaryName="Sposoby płatności" languageCode="pl_PL">
        <entry key="cash" value="Gotówka"/>
        <entry key="visa" value="Karta Visa"/>
        <entry key="transfer" value="Faktura przelewowa"/>
    </dict>
    <dict dictionaryId="axa_plane_class" dictionaryName="Klasy przelotów" languageCode="pl_PL">
        <entry key="b" value="Business"/>
        <entry key="s" value="Standard">
            <ext name="rate" value="10" type="int,double,str"/>
        </entry>
    </dict>
</process-dictionaries>
